<?xml version="1.0" encoding="UTF-8"?>
<!-- Generated by org.testng.reporters.JUnitReportReporter -->
<testsuite hostname="DESKTOP-SE2KBIM" failures="0" tests="1" name="tests.LogInPageTest" time="1.141" errors="0" timestamp="2019-09-03T12:50:44 CEST" skipped="0">
  <testcase classname="tests.LogInPageTest" name="verifyIfLogInSuccessful" time="1.141"/>
</testsuite> <!-- tests.LogInPageTest -->
